DbStarReader/proguard.cfg
-optimizationpasses 7
-dontusemixedcaseclassnames
-dontskipnonpubliclibraryclasses
-dontpreverify
-verbose
-optimizations !code/simplification/arithmetic,!field/*,!class/merging/*

-keep public class * extends android.app.Activity
-keep public class * extends android.app.Application
-keep public class * extends android.app.Service
-keep public class * extends android.content.BroadcastReceiver
-keep public class * extends android.content.ContentProvider
-keep public class * extends android.app.backup.BackupAgentHelper
-keep public class * extends android.preference.Preference
-keep public class com.android.vending.licensing.ILicensingService

-keepclassmembers class * implements java.io.Serializable { 
    static final long serialVersionUID; 
    private static final java.io.ObjectStreamField[] serialPersistentFields; 
    private void writeObject(java.io.ObjectOutputStream); 
    private void readObject(java.io.ObjectInputStream); 
    java.lang.Object writeReplace(); 
    java.lang.Object readResolve(); 
}

-keepclasseswithmembernames class * {
    native <methods>;
}

-keepclasseswithmembers class * {
    public <init>(android.content.Context, android.util.AttributeSet);
}

-keepclasseswithmembers class * {
    public <init>(android.content.Context, android.util.AttributeSet, int);
}

-keepclassmembers class * extends android.app.Activity {
   public void *(android.view.View);
}

-keepclassmembers enum * {
    public static **[] values();
    public static ** valueOf(java.lang.String);
}

-keep class * implements android.os.Parcelable {
  public static final android.os.Parcelable$Creator *;
}

-keep class com.media.zlibrary.core.library.**{*;}
-keep class com.media.zlibrary.core.filesystem.**{*;}
-keep class com.media.zlibrary.core.image.**{*;}
-keep class com.media.zlibrary.core.encodings**{*;}
-keep class com.media.zlibrary.text.model.**{*;}
-keep class com.media.dbstarplayer.formats.*Plugin*{*;}
-keep class com.media.dbstarplayer.*ths{*;}
-keep class com.media.dbstarplayer.book.**{*;}
-keep class com.media.dbstarplayer.bookmodel.**{*;}
-keep class com.iflytek.**{*;}
-keep class org.**{*;}