DbStarReader/proguard/seeds.txt
com.media.android.dbstarplayer.BookmarkEditActivity
com.media.android.dbstarplayer.BookmarkEditActivity: BookmarkEditActivity()
com.media.android.dbstarplayer.BookmarksActivity
com.media.android.dbstarplayer.BookmarksActivity: BookmarksActivity()
com.media.android.dbstarplayer.CancelActivity
com.media.android.dbstarplayer.CancelActivity: CancelActivity()
com.media.android.dbstarplayer.DbStarPlayer
com.media.android.dbstarplayer.DbStarPlayer: DbStarPlayer()
com.media.android.dbstarplayer.DbStarPlayerApplication
com.media.android.dbstarplayer.DbStarPlayerApplication: DbStarPlayerApplication()
com.media.android.dbstarplayer.PopupWindow$Location: com.media.android.dbstarplayer.PopupWindow$Location[] values()
com.media.android.dbstarplayer.PopupWindow$Location: com.media.android.dbstarplayer.PopupWindow$Location valueOf(java.lang.String)
com.media.android.dbstarplayer.TOCActivity
com.media.android.dbstarplayer.TOCActivity: TOCActivity()
com.media.android.dbstarplayer.api.ApiException: long serialVersionUID
com.media.android.dbstarplayer.api.ApiObject
com.media.android.dbstarplayer.api.ApiObject: android.os.Parcelable$Creator CREATOR
com.media.android.dbstarplayer.api.ApiObject$Boolean
com.media.android.dbstarplayer.api.ApiObject$Date
com.media.android.dbstarplayer.api.ApiObject$Error
com.media.android.dbstarplayer.api.ApiObject$Integer
com.media.android.dbstarplayer.api.ApiObject$Long
com.media.android.dbstarplayer.api.ApiObject$String
com.media.android.dbstarplayer.api.ApiObject$Void
com.media.android.dbstarplayer.api.ApiService
com.media.android.dbstarplayer.api.ApiService: ApiService()
com.media.android.dbstarplayer.api.PluginApi$ActionInfo
com.media.android.dbstarplayer.api.PluginApi$ActionInfo: android.os.Parcelable$Creator CREATOR
com.media.android.dbstarplayer.api.PluginApi$MenuActionInfo
com.media.android.dbstarplayer.api.PluginApi$PluginInfo
com.media.android.dbstarplayer.api.TextPosition
com.media.android.dbstarplayer.api.TextPosition: android.os.Parcelable$Creator CREATOR
com.media.android.dbstarplayer.crash.FixBooksDirectoryActivity
com.media.android.dbstarplayer.crash.FixBooksDirectoryActivity: FixBooksDirectoryActivity()
com.media.android.dbstarplayer.crash.MissingNativeLibraryActivity
com.media.android.dbstarplayer.crash.MissingNativeLibraryActivity: MissingNativeLibraryActivity()
com.media.android.dbstarplayer.error.BookReadingErrorActivity
com.media.android.dbstarplayer.error.BookReadingErrorActivity: BookReadingErrorActivity()
com.media.android.dbstarplayer.image.ImageViewActivity
com.media.android.dbstarplayer.image.ImageViewActivity: ImageViewActivity()
com.media.android.dbstarplayer.library.BookInfoActivity
com.media.android.dbstarplayer.library.BookInfoActivity: BookInfoActivity()
com.media.android.dbstarplayer.library.LibraryActivity
com.media.android.dbstarplayer.library.LibraryActivity: LibraryActivity()
com.media.android.dbstarplayer.library.LibrarySearchActivity
com.media.android.dbstarplayer.library.LibrarySearchActivity: LibrarySearchActivity()
com.media.android.dbstarplayer.libraryService.LibraryService
com.media.android.dbstarplayer.libraryService.LibraryService: LibraryService()
com.media.android.dbstarplayer.network.AddCatalogMenuActivity
com.media.android.dbstarplayer.network.AddCatalogMenuActivity: AddCatalogMenuActivity()
com.media.android.dbstarplayer.network.AddCustomCatalogActivity
com.media.android.dbstarplayer.network.AddCustomCatalogActivity: AddCustomCatalogActivity()
com.media.android.dbstarplayer.network.AuthenticationActivity
com.media.android.dbstarplayer.network.AuthenticationActivity: AuthenticationActivity()
com.media.android.dbstarplayer.network.AuthorizationMenuActivity
com.media.android.dbstarplayer.network.AuthorizationMenuActivity: AuthorizationMenuActivity()
com.media.android.dbstarplayer.network.BookDownloader
com.media.android.dbstarplayer.network.BookDownloader: BookDownloader()
...
com.media.zlibrary.core.view.ZLPaintContext$WallpaperMode: com.media.zlibrary.core.view.ZLPaintContext$WallpaperMode[] values()
com.media.zlibrary.core.view.ZLPaintContext$WallpaperMode: com.media.zlibrary.core.view.ZLPaintContext$WallpaperMode valueOf(java.lang.String)
com.media.zlibrary.core.view.ZLView$Animation: com.media.zlibrary.core.view.ZLView$Animation[] values()
com.media.zlibrary.core.view.ZLView$Animation: com.media.zlibrary.core.view.ZLView$Animation valueOf(java.lang.String)
com.media.zlibrary.core.view.ZLView$Direction: com.media.zlibrary.core.view.ZLView$Direction[] values()
com.media.zlibrary.core.view.ZLView$Direction: com.media.zlibrary.core.view.ZLView$Direction valueOf(java.lang.String)
com.media.zlibrary.core.view.ZLView$PageIndex: com.media.zlibrary.core.view.ZLView$PageIndex[] values()
com.media.zlibrary.core.view.ZLView$PageIndex: com.media.zlibrary.core.view.ZLView$PageIndex valueOf(java.lang.String)
com.media.zlibrary.core.xml.ZLXMLReaderAdapter: java.util.Map myNamespaceMap
com.media.zlibrary.core.xml.ZLXMLReaderAdapter: ZLXMLReaderAdapter()
com.media.zlibrary.core.xml.ZLXMLReaderAdapter: boolean readQuietly(com.media.zlibrary.core.filesystem.ZLFile)
com.media.zlibrary.core.xml.ZLXMLReaderAdapter: boolean readQuietly(java.lang.String)
com.media.zlibrary.core.xml.ZLXMLReaderAdapter: void read(com.media.zlibrary.core.filesystem.ZLFile)
com.media.zlibrary.core.xml.ZLXMLReaderAdapter: void read(java.io.InputStream)
com.media.zlibrary.core.xml.ZLXMLReaderAdapter: void read(java.lang.String)
com.media.zlibrary.core.xml.ZLXMLReaderAdapter: void read(java.io.Reader)
com.media.zlibrary.core.xml.ZLXMLReaderAdapter: boolean dontCacheAttributeValues()
com.media.zlibrary.core.xml.ZLXMLReaderAdapter: boolean startElementHandler(java.lang.String,com.media.zlibrary.core.xml.ZLStringMap)
com.media.zlibrary.core.xml.ZLXMLReaderAdapter: boolean endElementHandler(java.lang.String)
com.media.zlibrary.core.xml.ZLXMLReaderAdapter: void characterDataHandler(char[],int,int)
com.media.zlibrary.core.xml.ZLXMLReaderAdapter: void characterDataHandlerFinal(char[],int,int)
com.media.zlibrary.core.xml.ZLXMLReaderAdapter: void startDocumentHandler()
com.media.zlibrary.core.xml.ZLXMLReaderAdapter: void endDocumentHandler()
com.media.zlibrary.core.xml.ZLXMLReaderAdapter: boolean processNamespaces()
com.media.zlibrary.core.xml.ZLXMLReaderAdapter: void namespaceMapChangedHandler(java.util.Map)
com.media.zlibrary.text.model.CachedCharStorage
com.media.zlibrary.text.model.CachedCharStorage: int myBlockSize
com.media.zlibrary.text.model.CachedCharStorage: CachedCharStorage(int,java.lang.String,java.lang.String)
com.media.zlibrary.text.model.CachedCharStorage: char[] createNewBlock(int)
com.media.zlibrary.text.model.CachedCharStorage: void freezeLastBlock()
com.media.zlibrary.text.model.CachedCharStorage: char[] block(int)
com.media.zlibrary.text.model.CachedCharStorage: int size()
com.media.zlibrary.text.model.CachedCharStorageBase
com.media.zlibrary.text.model.CachedCharStorageBase: java.util.ArrayList myArray
com.media.zlibrary.text.model.CachedCharStorageBase: java.lang.String myDirectoryName
com.media.zlibrary.text.model.CachedCharStorageBase: java.lang.String myFileExtension
com.media.zlibrary.text.model.CachedCharStorageBase: CachedCharStorageBase(java.lang.String,java.lang.String)
com.media.zlibrary.text.model.CachedCharStorageBase: java.lang.String fileName(int)
com.media.zlibrary.text.model.CachedCharStorageBase: int size()
com.media.zlibrary.text.model.CachedCharStorageBase: char[] block(int)
com.media.zlibrary.text.model.CachedCharStorageException
com.media.zlibrary.text.model.CachedCharStorageException: long serialVersionUID
com.media.zlibrary.text.model.CachedCharStorageException: CachedCharStorageException(java.lang.String)