DbStarReader/proguard/mapping.txt
com.media.android.dbstarplayer.AudioPlayAction -> com.media.android.dbstarplayer.a:
    com.media.android.dbstarplayer.DbStarPlayer baseActivity -> g
    boolean isEndText -> a
    com.media.dbstarplayer.dbstarplayer.DbStarPlayerApp Reader -> h
    int actionCode -> i
    boolean isAudioSpeek -> b
    boolean isNeedTurnPage -> j
    com.media.zlibrary.text.view.ZLTextWordCursor mCurPageEndCursor -> k
    int MSG_REACH_END -> l
    int MSG_SPEEK_ERROR -> m
    int MSG_TURN_PAGE_FORWARD -> n
    android.os.Handler mHandler -> c
    boolean isCheck -> d
    void cancelAudioSpeak() -> c
    void startReadThread$3312df4c(com.media.reader.interfaces.AudioSpeekListener) -> a
    void run(java.lang.Object[]) -> a
    com.media.zlibrary.text.view.ZLTextWordCursor getPageEndCursor() -> d
    com.media.android.dbstarplayer.DbStarPlayer access$0(com.media.android.dbstarplayer.AudioPlayAction) -> a
    void access$1(com.media.android.dbstarplayer.AudioPlayAction) -> b
    com.media.dbstarplayer.dbstarplayer.DbStarPlayerApp access$2(com.media.android.dbstarplayer.AudioPlayAction) -> c
    java.lang.String access$3(com.media.android.dbstarplayer.AudioPlayAction,com.media.zlibrary.text.view.ZLTextWordCursor) -> a
    boolean access$4(com.media.android.dbstarplayer.AudioPlayAction) -> d
    boolean access$5(com.media.android.dbstarplayer.AudioPlayAction) -> e
    void access$6$1903c895(com.media.android.dbstarplayer.AudioPlayAction) -> f
com.media.android.dbstarplayer.AudioPlayAction$1 -> com.media.android.dbstarplayer.b:
    com.media.android.dbstarplayer.AudioPlayAction this$0 -> a
    void handleMessage(android.os.Message) -> handleMessage
com.media.android.dbstarplayer.AudioPlayAction$1TtsRunThread -> com.media.android.dbstarplayer.c:
    com.media.android.dbstarplayer.AudioPlayAction this$0 -> a
    com.media.reader.interfaces.AudioSpeekListener val$listener -> b
    void run() -> run
com.media.android.dbstarplayer.AudioPlayAction$2 -> com.media.android.dbstarplayer.d:
    com.media.android.dbstarplayer.AudioPlayAction this$0 -> a
    void onError(int,java.lang.String) -> a
    void onEnd() -> a
com.media.android.dbstarplayer.BookmarkEditActivity -> com.media.android.dbstarplayer.BookmarkEditActivity:
    void onCreate(android.os.Bundle) -> onCreate
com.media.android.dbstarplayer.BookmarksActivity -> com.media.android.dbstarplayer.BookmarksActivity:
    com.media.android.dbstarplayer.libraryService.BookCollectionShadow myCollection -> a
    com.media.dbstarplayer.book.Book myBook -> b
    java.util.Comparator myComparator -> c
    com.media.android.dbstarplayer.BookmarksActivity$BookmarksAdapter myThisBookAdapter -> d
    com.media.android.dbstarplayer.BookmarksActivity$BookmarksAdapter myAllBooksAdapter -> e
    com.media.android.dbstarplayer.BookmarksActivity$BookmarksAdapter mySearchResultsAdapter -> f
    com.media.zlibrary.core.resources.ZLResource myResource -> g
    com.media.zlibrary.core.options.ZLStringOption myBookmarkSearchPatternOption -> h
    android.widget.ListView createTab(java.lang.String,int) -> a
    void onCreate(android.os.Bundle) -> onCreate
    void onStart() -> onStart
    void onNewIntent(android.content.Intent) -> onNewIntent
    void onStop() -> onStop
    boolean onCreateOptionsMenu(android.view.Menu) -> onCreateOptionsMenu
    boolean onSearchRequested() -> onSearchRequested
    boolean onMenuItemClick(android.view.MenuItem) -> onMenuItemClick
    boolean onContextItemSelected(android.view.MenuItem) -> onContextItemSelected
    void gotoBookmark(com.media.dbstarplayer.book.Bookmark) -> a
    com.media.dbstarplayer.book.Book access$0(com.media.android.dbstarplayer.BookmarksActivity) -> a
com.media.android.dbstarplayer.BookmarksActivity$1 -> com.media.android.dbstarplayer.e:
    com.media.android.dbstarplayer.BookmarksActivity this$0 -> a
    void run() -> run
...
com.media.dbstarplayer.bookmodel.BookModel -> com.media.dbstarplayer.bookmodel.BookModel:
    com.media.dbstarplayer.book.Book Book -> Book
    com.media.dbstarplayer.bookmodel.TOCTree TOCTree -> TOCTree
    com.media.dbstarplayer.bookmodel.BookModel$LabelResolver myResolver -> myResolver
    int[] $SWITCH_TABLE$com$media$dbstarplayer$formats$FormatPlugin$Type -> $SWITCH_TABLE$com$media$dbstarplayer$formats$FormatPlugin$Type
    com.media.dbstarplayer.bookmodel.BookModel createModel(com.media.dbstarplayer.book.Book) -> createModel
    com.media.zlibrary.text.model.ZLTextModel getTextModel() -> getTextModel
    com.media.zlibrary.text.model.ZLTextModel getFootnoteModel(java.lang.String) -> getFootnoteModel
    com.media.dbstarplayer.bookmodel.BookModel$Label getLabelInternal(java.lang.String) -> getLabelInternal
    void setLabelResolver(com.media.dbstarplayer.bookmodel.BookModel$LabelResolver) -> setLabelResolver
    com.media.dbstarplayer.bookmodel.BookModel$Label getLabel(java.lang.String) -> getLabel
    int[] $SWITCH_TABLE$com$media$dbstarplayer$formats$FormatPlugin$Type() -> $SWITCH_TABLE$com$media$dbstarplayer$formats$FormatPlugin$Type
com.media.dbstarplayer.bookmodel.BookModel$Label -> com.media.dbstarplayer.bookmodel.BookModel$Label:
    java.lang.String ModelId -> ModelId
    int ParagraphIndex -> ParagraphIndex
com.media.dbstarplayer.bookmodel.BookModel$LabelResolver -> com.media.dbstarplayer.bookmodel.BookModel$LabelResolver:
    java.util.List getCandidates(java.lang.String) -> getCandidates
com.media.dbstarplayer.bookmodel.BookModelImpl -> com.media.dbstarplayer.bookmodel.BookModelImpl:
    com.media.zlibrary.text.model.CharStorage myInternalHyperlinks -> myInternalHyperlinks
    java.util.HashMap myImageMap -> myImageMap
    java.util.HashMap myFootnotes -> myFootnotes
    com.media.dbstarplayer.bookmodel.BookModel$Label getLabelInternal(java.lang.String) -> getLabelInternal
    void addImage(java.lang.String,com.media.zlibrary.core.image.ZLImage) -> addImage
com.media.dbstarplayer.bookmodel.BookReader -> com.media.dbstarplayer.bookmodel.BookReader:
    com.media.dbstarplayer.bookmodel.JavaBookModel Model -> Model
    com.media.zlibrary.text.model.ZLTextWritableModel myCurrentTextModel -> myCurrentTextModel
    boolean myTextParagraphExists -> myTextParagraphExists
    boolean myTextParagraphIsNonEmpty -> myTextParagraphIsNonEmpty
    char[] myTextBuffer -> myTextBuffer
    int myTextBufferLength -> myTextBufferLength
    java.lang.StringBuilder myContentsBuffer -> myContentsBuffer
    byte[] myKindStack -> myKindStack
    int myKindStackSize -> myKindStackSize
    byte myHyperlinkKind -> myHyperlinkKind
    java.lang.String myHyperlinkReference -> myHyperlinkReference
    boolean myInsideTitle -> myInsideTitle
    boolean mySectionContainsRegularContents -> mySectionContainsRegularContents
    com.media.dbstarplayer.bookmodel.TOCTree myCurrentContentsTree -> myCurrentContentsTree
    java.nio.charset.CharsetDecoder myByteDecoder -> myByteDecoder
    byte[] myUnderflowByteBuffer -> myUnderflowByteBuffer
    int myUnderflowLength -> myUnderflowLength
    void setByteDecoder(java.nio.charset.CharsetDecoder) -> setByteDecoder
    void flushTextBufferToParagraph() -> flushTextBufferToParagraph
    void addControl(byte,boolean) -> addControl
    void pushKind(byte) -> pushKind
    boolean popKind() -> popKind
    void beginParagraph() -> beginParagraph
    void beginParagraph(byte) -> beginParagraph
com.media.dbstarplayer.bookmodel.BookReadingException -> com.media.dbstarplayer.bookmodel.BookReadingException:
    com.media.zlibrary.core.filesystem.ZLFile File -> File
    void throwForFile(java.lang.String,com.media.zlibrary.core.filesystem.ZLFile) -> throwForFile
    java.lang.String getResourceText(java.lang.String) -> getResourceText
com.media.dbstarplayer.bookmodel.FBHyperlinkType -> com.media.dbstarplayer.bookmodel.FBHyperlinkType:
    byte NONE -> NONE
    byte INTERNAL -> INTERNAL
    byte EXTERNAL -> EXTERNAL