DbStarReader/proguard/usage.txt
com.media.android.dbstarplayer.AudioPlayAction:
    public static final int PLAY
    public static final int PAUSE
    public static final int RESUME
    public static final int CANCEL
com.media.android.dbstarplayer.BookmarksActivity:
    private static final int OPEN_ITEM_ID
    private static final int EDIT_ITEM_ID
    private static final int DELETE_ITEM_ID
com.media.android.dbstarplayer.BuildConfig
com.media.android.dbstarplayer.CancelActivity:
    static final java.lang.String LIST_SIZE
    static final java.lang.String ITEM_TITLE
    static final java.lang.String ITEM_SUMMARY
com.media.android.dbstarplayer.DbStarPlayer:
    public static final java.lang.String ACTION_OPEN_BOOK
    public static final java.lang.String BOOK_KEY
    public static final java.lang.String BOOKMARK_KEY
    static final int ACTION_BAR_COLOR
    public static final int REQUEST_PREFERENCES
    public static final int REQUEST_CANCEL_MENU
    public static final int RESULT_DO_NOTHING
    public static final int RESULT_REPAINT
    private static final java.lang.String PLUGIN_ACTION_PREFIX
com.media.android.dbstarplayer.DbStarPlayer$TipRunner
com.media.android.dbstarplayer.DbStarUtil:
    public DbStarUtil()
com.media.android.dbstarplayer.DictionaryUtil:
    public DictionaryUtil()
com.media.android.dbstarplayer.DictionaryUtil$ColorDict3
com.media.android.dbstarplayer.NavigationPopup:
    static final java.lang.String ID
com.media.android.dbstarplayer.OrientationUtil:
    private static final java.lang.String KEY
    private OrientationUtil()
com.media.android.dbstarplayer.R
com.media.android.dbstarplayer.R$attr
com.media.android.dbstarplayer.R$color
com.media.android.dbstarplayer.R$drawable
com.media.android.dbstarplayer.R$id
com.media.android.dbstarplayer.R$layout
com.media.android.dbstarplayer.R$string
com.media.android.dbstarplayer.R$style
com.media.android.dbstarplayer.R$xml
com.media.android.dbstarplayer.SelectionPopup:
    static final java.lang.String ID
com.media.android.dbstarplayer.SetScreenOrientationAction:
    public com.media.zlibrary.core.util.ZLBoolean3 isChecked()
com.media.android.dbstarplayer.TOCActivity:
    private static final int PROCESS_TREE_ITEM_ID
    private static final int READ_BOOK_ITEM_ID
com.media.android.dbstarplayer.TextSearchPopup:
    static final java.lang.String ID
com.media.android.dbstarplayer.ZLTreeAdapter:
    protected void resetTree(com.media.zlibrary.core.tree.ZLTree)
    public void resetTree()
    public abstract android.view.View getView(int,android.view.View,android.view.ViewGroup)
com.media.android.dbstarplayer.api.Api
com.media.android.dbstarplayer.api.ApiClientImplementation
com.media.android.dbstarplayer.api.ApiClientImplementation$1
com.media.android.dbstarplayer.api.ApiClientImplementation$ConnectionListener
com.media.android.dbstarplayer.api.ApiException:
    ApiException(java.lang.String)
    ApiException(java.lang.Exception)
com.media.android.dbstarplayer.api.ApiInterface$Stub:
    private static final java.lang.String DESCRIPTOR
    static final int TRANSACTION_request
    static final int TRANSACTION_requestList
    static final int TRANSACTION_requestMap
    public static com.media.android.dbstarplayer.api.ApiInterface asInterface(android.os.IBinder)
com.media.android.dbstarplayer.api.ApiInterface$Stub$Proxy
com.media.android.dbstarplayer.api.ApiListener
com.media.android.dbstarplayer.api.ApiMethods
com.media.android.dbstarplayer.api.ApiObject:
    static com.media.android.dbstarplayer.api.ApiObject envelope(long)
com.media.android.dbstarplayer.api.ApiObject$Type
com.media.android.dbstarplayer.api.ApiServerImplementation:
    public java.util.List getBookTags(long)
    public bridge synthetic java.util.List getParagraphWordIndices(int)
com.media.android.dbstarplayer.api.PluginApi:
    public static final java.lang.String ACTION_REGISTER
    public static final java.lang.String ACTION_RUN
    public PluginApi()
...
com.media.dbstarplayer.dbstarplayer.TextBuildTraverser:
    protected void processControlElement(com.media.zlibrary.text.view.ZLTextControlElement)
com.media.dbstarplayer.dbstarplayer.WallpapersUtil:
    public WallpapersUtil()
com.media.dbstarplayer.dbstarplayer.WordCountTraverser:
    protected void processControlElement(com.media.zlibrary.text.view.ZLTextControlElement)
com.media.dbstarplayer.formats.fb2.FB2AnnotationReader:
    private static final int READ_NOTHING
    private static final int READ_ANNOTATION
com.media.dbstarplayer.formats.fb2.FB2MetaInfoReader:
    private static final int READ_NOTHING
    private static final int READ_SOMETHING
    private static final int READ_TITLE
    private static final int READ_AUTHOR
    private static final int READ_AUTHOR_NAME_0
    private static final int READ_AUTHOR_NAME_1
    private static final int READ_AUTHOR_NAME_2
    private static final int READ_LANGUAGE
    private static final int READ_GENRE
com.media.dbstarplayer.formats.fb2.FB2Tag:
    public static final byte UNKNOWN
    public static final byte P
    public static final byte V
    public static final byte SUBTITLE
    public static final byte TEXT_AUTHOR
    public static final byte DATE
    public static final byte CITE
    public static final byte SECTION
    public static final byte POEM
    public static final byte STANZA
    public static final byte EPIGRAPH
    public static final byte ANNOTATION
    public static final byte COVERPAGE
    public static final byte A
    public static final byte EMPTY_LINE
    public static final byte SUP
    public static final byte SUB
    public static final byte EMPHASIS
    public static final byte STRONG
    public static final byte CODE
    public static final byte STRIKETHROUGH
    public static final byte TITLE
    public static final byte BODY
    public static final byte IMAGE
    public static final byte BINARY
    public static final byte FICTIONBOOK
    public static final byte TITLE_INFO
    public static final byte BOOK_TITLE
    public static final byte AUTHOR
    public static final byte LANG
    public static final byte FIRST_NAME
    public static final byte MIDDLE_NAME
    public static final byte LAST_NAME
    public static final byte SEQUENCE
    public static final byte GENRE
    public static final byte DESCRIPTION
    private FB2Tag()
com.media.dbstarplayer.formats.fb2.FB2TagManager:
    private FB2TagManager()
com.media.dbstarplayer.formats.fb2.FB2Util:
    FB2Util()
com.media.dbstarplayer.formats.html.HtmlTag:
    public static final byte UNKNOWN
    public static final byte HTML
    public static final byte HEAD
    public static final byte BODY
    public static final byte TITLE
    public static final byte P
    public static final byte H1
    public static final byte H2
    public static final byte H3
    public static final byte H4
    public static final byte H5
    public static final byte H6
    public static final byte A
    public static final byte B
    public static final byte I
    public static final byte BR
    public static final byte STRONG
    public static final byte IMG
    public static final byte SCRIPT
    public static final byte OL
    public static final byte UL
    public static final byte LI
    public static final byte SELECT
    public static final byte DIV
    public static final byte TR
    public static final byte STYLE
    public static final byte S
    public static final byte SUB
    public static final byte SUP
    public static final byte PRE
    public static final byte CODE
    public static final byte EM
    public static final byte DFN
    public static final byte CITE
    public static final byte HR
    public static final byte REFERENCE
    public static final byte GUIDE
    public static final byte TAG_NUMBER
    public HtmlTag()